<?xml version="1.0" encoding="UTF-8"?>
<!-- Generated by org.testng.reporters.JUnitXMLReporter -->
<testsuite ignored="0" hostname="alexander-pc" failures="0" tests="4" name="Surefire test" time="15.417" errors="0" timestamp="2024-02-21T18:41:51 MSK">
  <testcase classname="LessonSeventeenTest" name="checkCalculateFunctions" time="3.561"/>
  <testcase classname="LessonSeventeenTest" name="checkCalculateFunctions" time="3.568"/>
  <testcase classname="LessonSeventeenTest" name="checkCalculateFunctions" time="3.628"/>
  <testcase classname="LessonSeventeenTest" name="checkCalculateFunctions" time="4.151"/>
</testsuite> <!-- Surefire test -->
