<?xml version="1.0" encoding="UTF-8"?>
<testng-results ignored="0" total="4" passed="4" failed="0" skipped="0">
  <reporter-output>
  </reporter-output>
  <suite started-at="2024-02-21T18:41:36 MSK" name="Surefire suite" finished-at="2024-02-21T18:41:51 MSK" duration-ms="15417">
    <groups>
    </groups>
    <test started-at="2024-02-21T18:41:36 MSK" name="Surefire test" finished-at="2024-02-21T18:41:51 MSK" duration-ms="15417">
      <class name="LessonSeventeenTest">
        <test-method signature="checkCalculateFunctions(java.lang.String,java.lang.String,java.lang.String,java.lang.String)[pri:0, instance:LessonSeventeenTest@b9d018b]" started-at="2024-02-21T18:41:36 MSK" name="checkCalculateFunctions" data-provider="dataExpression" finished-at="2024-02-21T18:41:39 MSK" duration-ms="3561" status="PASS">
          <params>
            <param index="0">
              <value>
                <![CDATA[3]]>
              </value>
            </param>
            <param index="1">
              <value>
                <![CDATA[6]]>
              </value>
            </param>
            <param index="2">
              <value>
                <![CDATA[+]]>
              </value>
            </param>
            <param index="3">
              <value>
                <![CDATA[9]]>
              </value>
            </param>
          </params>
          <reporter-output>
          </reporter-output>
        </test-method> <!-- checkCalculateFunctions -->
        <test-method signature="checkCalculateFunctions(java.lang.String,java.lang.String,java.lang.String,java.lang.String)[pri:0, instance:LessonSeventeenTest@b9d018b]" started-at="2024-02-21T18:41:39 MSK" name="checkCalculateFunctions" data-provider="dataExpression" finished-at="2024-02-21T18:41:43 MSK" duration-ms="3568" status="PASS">
          <params>
            <param index="0">
              <value>
                <![CDATA[15]]>
              </value>
            </param>
            <param index="1">
              <value>
                <![CDATA[6]]>
              </value>
            </param>
            <param index="2">
              <value>
                <![CDATA[-]]>
              </value>
            </param>
            <param index="3">
              <value>
                <![CDATA[9]]>
              </value>
            </param>
          </params>
          <reporter-output>
          </reporter-output>
        </test-method> <!-- checkCalculateFunctions -->
        <test-method signature="checkCalculateFunctions(java.lang.String,java.lang.String,java.lang.String,java.lang.String)[pri:0, instance:LessonSeventeenTest@b9d018b]" started-at="2024-02-21T18:41:43 MSK" name="checkCalculateFunctions" data-provider="dataExpression" finished-at="2024-02-21T18:41:46 MSK" duration-ms="3628" status="PASS">
          <params>
            <param index="0">
              <value>
                <![CDATA[10]]>
              </value>
            </param>
            <param index="1">
              <value>
                <![CDATA[2]]>
              </value>
            </param>
            <param index="2">
              <value>
                <![CDATA[*]]>
              </value>
            </param>
            <param index="3">
              <value>
                <![CDATA[20]]>
              </value>
            </param>
          </params>
          <reporter-output>
          </reporter-output>
        </test-method> <!-- checkCalculateFunctions -->
        <test-method signature="checkCalculateFunctions(java.lang.String,java.lang.String,java.lang.String,java.lang.String)[pri:0, instance:LessonSeventeenTest@b9d018b]" started-at="2024-02-21T18:41:46 MSK" name="checkCalculateFunctions" data-provider="dataExpression" finished-at="2024-02-21T18:41:51 MSK" duration-ms="4151" status="PASS">
          <params>
            <param index="0">
              <value>
                <![CDATA[100]]>
              </value>
            </param>
            <param index="1">
              <value>
                <![CDATA[2]]>
              </value>
            </param>
            <param index="2">
              <value>
                <![CDATA[/]]>
              </value>
            </param>
            <param index="3">
              <value>
                <![CDATA[50]]>
              </value>
            </param>
          </params>
          <reporter-output>
          </reporter-output>
        </test-method> <!-- checkCalculateFunctions -->
        <test-method is-config="true" signature="teardown()[pri:0, instance:LessonSeventeenTest@b9d018b]" started-at="2024-02-21T18:41:51 MSK" name="teardown" finished-at="2024-02-21T18:41:51 MSK" duration-ms="352" status="PASS">
          <reporter-output>
          </reporter-output>
        </test-method> <!-- teardown -->
      </class> <!-- LessonSeventeenTest -->
    </test> <!-- Surefire test -->
  </suite> <!-- Surefire suite -->
</testng-results>
